TN:
SF:src/data/observatory.ts
FN:134,toSvgCoords
FN:135,(anonymous_1)
FN:144,(anonymous_2)
FN:153,toSvgPoints
FN:154,(anonymous_4)
FNF:5
FNH:5
FNDA:3,toSvgCoords
FNDA:6,(anonymous_1)
FNDA:6,(anonymous_2)
FNDA:2,toSvgPoints
FNDA:2,(anonymous_4)
DA:22,1
DA:119,1
DA:120,1
DA:121,1
DA:122,1
DA:123,1
DA:124,1
DA:134,1
DA:135,6
DA:136,3
DA:137,3
DA:138,3
DA:139,3
DA:140,3
DA:141,3
DA:142,3
DA:143,3
DA:144,6
DA:153,1
DA:154,2
LF:20
LH:20
BRDA:140,0,0,3
BRDA:140,0,1,1
BRDA:141,1,0,3
BRDA:141,1,1,1
BRF:4
BRH:4
end_of_record
TN:
SF:src/i18n/en.ts
FNF:0
FNH:0
DA:4,2
LF:1
LH:1
BRF:0
BRH:0
end_of_record
TN:
SF:src/i18n/es.ts
FNF:0
FNH:0
DA:5,2
LF:1
LH:1
BRF:0
BRH:0
end_of_record
TN:
SF:src/i18n/index.ts
FN:13,getLang
FN:19,useTranslations
FN:25,localizePath
FN:31,switchLangPath
FNF:4
FNH:4
FNDA:4,getLang
FNDA:3,useTranslations
FNDA:9,localizePath
FNDA:4,switchLangPath
DA:1,1
DA:2,1
DA:6,1
DA:8,1
DA:10,1
DA:13,1
DA:14,4
DA:15,4
DA:19,1
DA:20,3
DA:25,1
DA:26,9
DA:27,5
DA:31,1
DA:32,4
DA:33,4
LF:16
LH:16
BRDA:15,0,0,2
BRDA:15,0,1,2
BRDA:26,1,0,4
BRDA:26,1,1,5
BRDA:27,2,0,2
BRDA:27,2,1,3
BRDA:32,3,0,4
BRDA:32,3,1,0
BRF:8
BRH:7
end_of_record
TN:
SF:src/lib/banners.ts
FNF:0
FNH:0
DA:10,1
LF:1
LH:1
BRF:0
BRH:0
end_of_record
TN:
SF:src/lib/contributors.ts
FN:19,gh
FN:55,getContributors
FN:57,(anonymous_2)
FN:65,load
FN:94,(anonymous_4)
FNF:5
FNH:4
FNDA:8,gh
FNDA:5,getContributors
FNDA:5,(anonymous_2)
FNDA:5,load
FNDA:0,(anonymous_4)
DA:9,5
DA:10,5
DA:20,8
DA:25,8
DA:26,8
DA:27,8
DA:28,8
DA:29,7
DA:30,6
DA:32,1
DA:53,5
DA:55,5
DA:56,5
DA:57,5
DA:58,5
DA:59,5
DA:62,5
DA:66,5
DA:67,5
DA:69,3
DA:70,3
DA:71,4
DA:72,3
DA:75,3
DA:76,3
DA:77,4
DA:79,3
DA:81,3
DA:82,3
DA:83,0
DA:85,3
DA:94,3
LF:32
LH:31
BRDA:25,0,0,8
BRDA:25,0,1,8
BRDA:26,1,0,0
BRDA:26,1,1,8
BRDA:29,2,0,1
BRDA:29,2,1,6
BRDA:56,3,0,5
BRDA:56,3,1,0
BRDA:58,4,0,2
BRDA:58,4,1,3
BRDA:67,5,0,2
BRDA:67,5,1,3
BRDA:71,6,0,1
BRDA:71,6,1,3
BRDA:71,7,0,4
BRDA:71,7,1,3
BRDA:75,8,0,0
BRDA:75,8,1,3
BRDA:77,9,0,1
BRDA:77,9,1,3
BRDA:82,10,0,0
BRDA:82,10,1,3
BRF:22
BRH:18
end_of_record
TN:
SF:src/lib/experiments.ts
FN:62,(anonymous_0)
FN:63,(anonymous_1)
FN:65,(anonymous_2)
FN:67,(anonymous_3)
FN:86,byId
FN:87,(anonymous_5)
FNF:6
FNH:6
FNDA:6,(anonymous_0)
FNDA:5,(anonymous_1)
FNDA:1,(anonymous_2)
FNDA:5,(anonymous_3)
FNDA:4,byId
FNDA:18,(anonymous_5)
DA:62,6
DA:63,5
DA:65,1
DA:67,5
DA:69,1
DA:86,1
DA:87,18
DA:88,4
DA:89,2
LF:9
LH:9
BRDA:88,0,0,2
BRDA:88,0,1,2
BRF:2
BRH:2
end_of_record
