TN:
SF:src/i18n/en.ts
FNF:0
FNH:0
DA:4,2
LF:1
LH:1
BRF:0
BRH:0
end_of_record
TN:
SF:src/i18n/es.ts
FNF:0
FNH:0
DA:5,2
LF:1
LH:1
BRF:0
BRH:0
end_of_record
TN:
SF:src/i18n/index.ts
FN:13,getLang
FN:19,useTranslations
FN:25,localizePath
FN:31,switchLangPath
FNF:4
FNH:4
FNDA:4,getLang
FNDA:3,useTranslations
FNDA:9,localizePath
FNDA:4,switchLangPath
DA:1,1
DA:2,1
DA:6,1
DA:8,1
DA:10,1
DA:13,1
DA:14,4
DA:15,4
DA:19,1
DA:20,3
DA:25,1
DA:26,9
DA:27,5
DA:31,1
DA:32,4
DA:33,4
LF:16
LH:16
BRDA:15,0,0,2
BRDA:15,0,1,2
BRDA:26,1,0,4
BRDA:26,1,1,5
BRDA:27,2,0,2
BRDA:27,2,1,3
BRDA:32,3,0,4
BRDA:32,3,1,0
BRF:8
BRH:7
end_of_record
TN:
SF:src/lib/banners.ts
FNF:0
FNH:0
DA:10,0
LF:1
LH:0
BRF:0
BRH:0
end_of_record
TN:
SF:src/lib/experiments.ts
FN:40,(anonymous_0)
FN:41,(anonymous_1)
FN:43,(anonymous_2)
FN:45,(anonymous_3)
FN:58,byId
FN:59,(anonymous_5)
FNF:6
FNH:6
FNDA:6,(anonymous_0)
FNDA:5,(anonymous_1)
FNDA:1,(anonymous_2)
FNDA:5,(anonymous_3)
FNDA:4,byId
FNDA:16,(anonymous_5)
DA:40,6
DA:41,5
DA:43,1
DA:45,5
DA:47,1
DA:58,1
DA:59,16
DA:60,4
DA:61,2
LF:9
LH:9
BRDA:60,0,0,2
BRDA:60,0,1,2
BRF:2
BRH:2
end_of_record
